npm run typecheck
  shell: /usr/bin/bash -e {0}

> error-detection-agent@0.1.0 typecheck
> tsc --noEmit

Error: src/config/loader.ts(183,38): error TS2345: Argument of type 'unknown' is not assignable to parameter of type 'Record<string, unknown>'.
Error: src/config/loader.ts(267,39): error TS2345: Argument of type 'unknown' is not assignable to parameter of type 'Record<string, unknown>'.
Error: src/config/loader.ts(271,33): error TS2345: Argument of type 'unknown' is not assignable to parameter of type 'Record<string, unknown>'.
Error: src/config/loader.ts(308,39): error TS2345: Argument of type 'unknown' is not assignable to parameter of type 'Record<string, unknown>'.
Error: src/config/loader.ts(312,33): error TS2345: Argument of type 'unknown' is not assignable to parameter of type 'Record<string, unknown>'.
Error: Process completed with exit code 2.